<?xml version="1.0" encoding="UTF-8"?>
<!-- Generated by org.testng.reporters.JUnitReportReporter -->
<testsuite hostname="SRK" failures="0" tests="1" name="com.actiTIME.Customer_Scripts.DeleteCustomerTC_03" time="6.511" errors="0" timestamp="23 Mar 2019 12:14:22 GMT" skipped="0">
  <testcase classname="com.actiTIME.Customer_Scripts.DeleteCustomerTC_03" name="testDeleteCustomerTC_03" time="6.511"/>
</testsuite> <!-- com.actiTIME.Customer_Scripts.DeleteCustomerTC_03 -->
