<?xml version="1.0" encoding="UTF-8"?>
<!-- Generated by org.testng.reporters.JUnitReportReporter -->
<testsuite hostname="SRK" failures="0" tests="1" name="com.actiTIME.LoginLogout_Scripts.LoginLogoutTC_01" time="3.116" errors="0" timestamp="23 Mar 2019 12:07:13 GMT" skipped="0">
  <testcase classname="com.actiTIME.LoginLogout_Scripts.LoginLogoutTC_01" name="testLoginLogoutTC_01" time="3.116"/>
</testsuite> <!-- com.actiTIME.LoginLogout_Scripts.LoginLogoutTC_01 -->
