<?xml version="1.0" encoding="UTF-8"?>
<!-- Generated by org.testng.reporters.JUnitReportReporter -->
<testsuite hostname="SRK" failures="0" tests="1" name="com.actiTIME.Customer_Scripts.CreateCustomerTC_02" time="5.858" errors="0" timestamp="23 Mar 2019 12:10:39 GMT" skipped="0">
  <testcase classname="com.actiTIME.Customer_Scripts.CreateCustomerTC_02" name="testCreateCustomerTC_02" time="5.858"/>
</testsuite> <!-- com.actiTIME.Customer_Scripts.CreateCustomerTC_02 -->
